[2024/10/02 22:21:41]: §9          __             _       
[2024/10/02 22:21:41]: §9  _ __   / /  ___   __ _(_)_ __  
[2024/10/02 22:21:41]: §9 | '_ \ / /  / _ \ / _` | | '_ \ 
[2024/10/02 22:21:41]: §9 | | | / /__| (_) | (_| | | | | |
[2024/10/02 22:21:41]: §9 |_| |_\____/\___/ \__, |_|_| |_|
[2024/10/02 22:21:41]: §9                  |___/            
[2024/10/02 22:21:41]: §9 By: www.nickuc.com - V 10.4.9 DEVELOPMENT
[2024/10/02 22:21:41]: §9 
[2024/10/02 22:21:41]: §3[nLogin] [DEBUG] All settings were loaded in 72 ms.
[2024/10/02 22:21:41]: §3[nLogin] [DEBUG] Loading the messages_en.yml message file...
[2024/10/02 22:21:41]: §3[nLogin] [DEBUG] All plugin messages were loaded in 93 ms (languageByClient=false).
[2024/10/02 22:21:41]: §3[nLogin] [DEBUG] All proxy settings were loaded in 0 ms.
[2024/10/02 22:21:41]: §3[nLogin] [DEBUG] Loading database...
[2024/10/02 22:21:41]: §3[nLogin] [DEBUG] Starting logger filter...
[2024/10/02 22:21:54]: 
[2024/10/02 22:21:54]:  §bThank you so much for choosing nLogin! §4<3
[2024/10/02 22:21:54]: 
[2024/10/02 22:21:54]:  §4For your safety, please read the message below:
[2024/10/02 22:21:54]:   §cNever download nLogin from unknown sources.
[2024/10/02 22:21:54]:   §cA modified version may contain malicious software.
[2024/10/02 22:21:54]: 
[2024/10/02 22:21:54]:  §3Trusted sources:
[2024/10/02 22:21:54]:   §bwww.nickuc.com
[2024/10/02 22:21:54]:   §bwww.github.com/nickuc
[2024/10/02 22:21:54]:   §bOpeNLogin installer (from Spigot or GitHub)
[2024/10/02 22:21:54]: 
[2024/10/02 22:21:54]:  §3Official support channels:
[2024/10/02 22:21:54]:   §bDiscord group: §fwww.nickuc.com/discord
[2024/10/02 22:21:54]:   §bDocumentation: §fdocs.nickuc.com/nlogin/
[2024/10/02 22:21:54]:   §bEmail: §fsupport@nickuc.com
[2024/10/02 22:21:54]:   §bYouTube: §fyoutube.com/nickuc
[2024/10/02 22:21:54]: 
[2024/10/02 22:21:54]:  §eTo remove this warning, log in with "nlogin.admin" permission on the server
[2024/10/02 22:21:54]:  §eand click the "Setup plugin" button to configure your plugin.
[2024/10/02 22:21:54]: 
[2024/10/02 22:23:29]: [nLogin] The user Nergon123 has successfully logged in.
[2024/10/02 22:23:47]: §3[nLogin] [DEBUG] [SQLite] [UPDATE]: "UPDATE `nlogin` SET `last_name` = 'Nergon123', `unique_id` = 4c350acc12e5368e88f325c804a845d9,  `mojang_id` = null,  `bedrock_id` = null,  `password` = '$2a$10$JNncbJRnEsTblTMeXYSvz.ClP7GoaXNeCJ53Sbw8CqCZC0L359eIm', `last_ip` = '185.161.93.117', `creation_date` = 2024-09-07 12:33:01.449, `last_seen` = 2024-09-07 12:33:01.449, `email` = null, `discord` = null, `settings` = '{"settings":[{"value":true,"key":"premium.force-notification"},{"value":"en","key":"language"}],"version":0}' WHERE `ai` = 2" (applied to [settings] columns)
[2024/10/02 22:23:56]: [nLogin] The user Nergon123 has successfully logged in.
[2024/10/02 22:24:55]: [nLogin] The user Jakeph12 has successfully logged in.
[2024/10/02 22:27:04]: [nLogin] Successful plugin core shutdown (took 0.00s)
