[10:56:57] [User Authenticator #5/INFO]: UUID of player Sanya21 is cae6e24d-96f8-3685-af95-73fef33a5269
[10:56:58] [Server thread/INFO]: Sanya21[/185.161.93.117:61403] logged in with entity id 24797 at ([world]180.7990267682444, 69.0, 284.2191648823332)
[10:57:08] [Craft Scheduler Thread - 26/INFO]: [nLogin] The user Sanya21 has successfully logged in.
[10:57:37] [Server thread/INFO]: Sanya21 issued server command: /warp fish
[10:58:51] [Server thread/WARN]: [AdvancedBackups] 


***************************************
SAVING DISABLED - PREPARING FOR BACKUP!
***************************************
[10:58:51] [Server thread/WARN]: [AdvancedBackups] 


*************************************
SAVE COMPLETE - PREPARING FOR BACKUP!
*************************************
[10:58:51] [AB Active Backup Thread/INFO]: [AdvancedBackups] Preparing differential backup with name: backup_2024-10-07_10-58-51
[10:58:56] [Server thread/INFO]: [AdvancedBackups] Backup in progress : 27%
[10:58:58] [AB Active Backup Thread/INFO]: Snapshot : false
[10:58:58] [AB Active Backup Thread/INFO]: Beginning purge checks : ./backups/world/differential
[10:58:58] [AB Active Backup Thread/INFO]: Backup count check disabled
[10:58:58] [Server thread/WARN]: [AdvancedBackups] 


*********************************
SAVING ENABLED - BACKUP COMPLETE!
*********************************
[11:00:07] [Server thread/INFO]: Sanya21 issued server command: //set 0
[11:00:24] [Server thread/INFO]: Sanya21 issued server command: //set 0
[11:00:50] [Server thread/INFO]: Sanya21 issued server command: //set 0
[11:01:33] [Server thread/INFO]: Sanya21 issued server command: //set 0
[11:01:39] [Server thread/INFO]: Sanya21 issued server command: //set 0
[11:01:49] [Server thread/INFO]: Sanya21 issued server command: //set 0
[11:01:55] [Server thread/INFO]: Sanya21 issued server command: //set 0
[11:02:19] [Server thread/INFO]: Sanya21 issued server command: //set 0
[11:02:41] [Server thread/INFO]: Sanya21 issued server command: //set 0
[11:03:02] [Server thread/INFO]: Sanya21 issued server command: //set 0
[11:03:20] [Server thread/INFO]: Sanya21 issued server command: //set 1
[11:03:38] [Server thread/INFO]: Sanya21 issued server command: //set 1
[11:04:04] [Server thread/INFO]: Sanya21 issued server command: //set 0
[11:04:20] [Server thread/INFO]: Sanya21 issued server command: //set 0
[11:04:49] [Server thread/INFO]: Sanya21 issued server command: //set 1
[11:05:00] [Server thread/INFO]: Sanya21 issued server command: //set 1
[11:05:12] [Server thread/INFO]: Sanya21 issued server command: //set 1
[11:05:26] [Server thread/INFO]: Sanya21 issued server command: //set 1
[11:05:37] [Server thread/INFO]: Sanya21 issued server command: //set 1
[11:06:38] [Server thread/INFO]: Sanya21 issued server command: //set 0
[11:06:56] [Server thread/INFO]: Sanya21 issued server command: //set 1
[11:07:38] [Server thread/INFO]: Sanya21 issued server command: //set 1
[11:07:54] [Server thread/INFO]: Sanya21 issued server command: //set 0
[11:08:25] [Server thread/INFO]: Sanya21 issued server command: //set magma_block
[11:09:18] [Server thread/INFO]: Sanya21 issued server command: //set water
[11:10:08] [Server thread/INFO]: Sanya21 issued server command: //set black_glazed_terracotta
[11:10:45] [Server thread/INFO]: Sanya21 issued server command: //set blackstone
[11:11:07] [Server thread/INFO]: Sanya21 issued server command: //set blackstone_wall
[11:11:19] [Server thread/INFO]: Sanya21 issued server command: //set blackstone_slab
[11:12:50] [Server thread/INFO]: Sanya21 issued server command: //set reinforced_deepslate
[11:13:18] [Server thread/INFO]: Sanya21 issued server command: //set reinforced_deepslate
[11:14:58] [Server thread/INFO]: Sanya21 issued server command: //set reinforced_deepslate
[11:15:10] [Server thread/INFO]: Sanya21 issued server command: //set reinforced_deepslate
[11:15:23] [Server thread/INFO]: Sanya21 issued server command: //set reinforced_deepslate
[11:15:50] [Server thread/INFO]: Sanya21 issued server command: //set glass
[11:16:47] [Server thread/INFO]: Sanya21 issued server command: //set glowstone
[11:17:12] [Server thread/INFO]: Sanya21 issued server command: //set glowstone
[11:17:23] [Server thread/INFO]: Sanya21 issued server command: //set glowstone
[11:17:50] [Server thread/INFO]: Sanya21 issued server command: //set reinforced_deepslate
[11:18:11] [Server thread/INFO]: Sanya21 issued server command: //set reinforced_deepslate
[11:24:02] [Server thread/INFO]: Sanya21 issued server command: //set glowstone
[11:24:22] [Server thread/INFO]: Sanya21 issued server command: //set glowstone
[11:30:14] [Server thread/INFO]: Sanya21 issued server command: //copy
[11:30:30] [Server thread/INFO]: Sanya21 issued server command: //paste
[11:30:46] [Server thread/INFO]: Sanya21 issued server command: //undo
[11:31:32] [Server thread/INFO]: Sanya21 issued server command: //paste
[11:31:53] [Server thread/INFO]: Sanya21 issued server command: //undo
[11:32:01] [Server thread/INFO]: Sanya21 issued server command: //paste
[11:32:22] [Server thread/INFO]: Sanya21 issued server command: //undo
[11:32:27] [Server thread/INFO]: Sanya21 issued server command: //paste
[11:47:10] [Server thread/INFO]: Sanya21 issued server command: //replace grass_block mossy_stone_bricks
[11:47:48] [Server thread/INFO]: Sanya21 issued server command: //replace grass_block mossy_stone_bricks
[11:48:14] [Server thread/INFO]: Sanya21 issued server command: //replace grass_block mossy_stone_bricks
[11:49:38] [Server thread/INFO]: Sanya21 issued server command: //replace grass_block mossy_stone_bricks
[11:50:06] [Server thread/INFO]: Sanya21 issued server command: //replace grass_block mossy_stone_bricks
[11:52:27] [Server thread/INFO]: Sanya21 issued server command: //replace grass_block mossy_stone_bricks
[11:52:53] [Server thread/INFO]: Sanya21 issued server command: //replace grass_block mossy_stone_bricks
[11:58:58] [Server thread/WARN]: [AdvancedBackups] 


***************************************
SAVING DISABLED - PREPARING FOR BACKUP!
***************************************
[11:58:58] [Server thread/WARN]: [AdvancedBackups] 


*************************************
SAVE COMPLETE - PREPARING FOR BACKUP!
*************************************
[11:58:58] [AB Active Backup Thread/INFO]: [AdvancedBackups] Preparing differential backup with name: backup_2024-10-07_11-58-58
[11:59:01] [Server thread/INFO]: Sanya21 lost connection: Disconnected
[11:59:03] [Server thread/INFO]: [AdvancedBackups] Backup in progress : 27%
[11:59:05] [AB Active Backup Thread/INFO]: Snapshot : false
[11:59:05] [AB Active Backup Thread/INFO]: Beginning purge checks : ./backups/world/differential
[11:59:05] [AB Active Backup Thread/INFO]: Backup count check disabled
[11:59:05] [Server thread/WARN]: [AdvancedBackups] 


*********************************
SAVING ENABLED - BACKUP COMPLETE!
*********************************
[12:00:28] [User Authenticator #6/INFO]: UUID of player Jakeph12 is 89fd71e9-6e9a-3bbf-8a9e-befc41624410
[12:00:30] [Server thread/INFO]: Jakeph12[/178.209.153.37:51893] logged in with entity id 37754 at ([world]106.4745312183987, 72.0, 33.31011175013837)
[12:00:47] [Server thread/INFO]: Jakeph12 lost connection: Disconnected
[12:25:57] [User Authenticator #7/INFO]: UUID of player Jakeph12 is 89fd71e9-6e9a-3bbf-8a9e-befc41624410
[12:25:59] [Server thread/INFO]: Jakeph12[/178.209.153.37:52196] logged in with entity id 38150 at ([world]106.4745312183987, 72.0, 33.31011175013837)
[12:26:14] [Craft Scheduler Thread - 39/INFO]: [nLogin] The user Jakeph12 has successfully logged in.
[12:26:57] [Server thread/INFO]: Jakeph12 issued server command: /fly
[12:27:05] [Server thread/INFO]: Jakeph12 issued server command: /warp fish
[12:40:34] [Server thread/INFO]: Jakeph12 lost connection: Disconnected
[12:59:05] [Server thread/WARN]: [AdvancedBackups] 


***************************************
SAVING DISABLED - PREPARING FOR BACKUP!
***************************************
[12:59:05] [Server thread/WARN]: [AdvancedBackups] 


*************************************
SAVE COMPLETE - PREPARING FOR BACKUP!
*************************************
[12:59:05] [AB Active Backup Thread/INFO]: [AdvancedBackups] Preparing differential backup with name: backup_2024-10-07_12-59-05
[12:59:10] [Server thread/INFO]: [AdvancedBackups] Backup in progress : 27%
[12:59:12] [AB Active Backup Thread/INFO]: Snapshot : false
[12:59:12] [AB Active Backup Thread/INFO]: Beginning purge checks : ./backups/world/differential
[12:59:12] [AB Active Backup Thread/INFO]: Backup count check disabled
[12:59:12] [Server thread/WARN]: [AdvancedBackups] 


*********************************
SAVING ENABLED - BACKUP COMPLETE!
*********************************
[13:07:17] [Netty Epoll Server IO #1/ERROR]: Error sending packet clientbound/minecraft:disconnect
io.netty.handler.codec.EncoderException: Sending unknown packet 'clientbound/minecraft:disconnect'
	at net.minecraft.network.codec.IdDispatchCodec.a(SourceFile:47) ~[spigot-1.21-R0.1-SNAPSHOT.jar:4226-Spigot-146439e-2889b3a]
	at net.minecraft.network.codec.IdDispatchCodec.encode(SourceFile:14) ~[spigot-1.21-R0.1-SNAPSHOT.jar:4226-Spigot-146439e-2889b3a]
	at net.minecraft.network.PacketEncoder.a(SourceFile:26) ~[spigot-1.21-R0.1-SNAPSHOT.jar:4226-Spigot-146439e-2889b3a]
	at net.minecraft.network.PacketEncoder.encode(SourceFile:12) ~[spigot-1.21-R0.1-SNAPSHOT.jar:4226-Spigot-146439e-2889b3a]
	at io.netty.handler.codec.MessageToByteEncoder.write(MessageToByteEncoder.java:107) ~[netty-codec-4.1.97.Final.jar:4.1.97.Final]
	at io.netty.channel.AbstractChannelHandlerContext.invokeWrite0(AbstractChannelHandlerContext.java:881) ~[netty-transport-4.1.97.Final.jar:4.1.97.Final]
	at io.netty.channel.AbstractChannelHandlerContext.invokeWrite(AbstractChannelHandlerContext.java:863) ~[netty-transport-4.1.97.Final.jar:4.1.97.Final]
	at io.netty.channel.AbstractChannelHandlerContext.write(AbstractChannelHandlerContext.java:968) ~[netty-transport-4.1.97.Final.jar:4.1.97.Final]
	at io.netty.channel.AbstractChannelHandlerContext.write(AbstractChannelHandlerContext.java:856) ~[netty-transport-4.1.97.Final.jar:4.1.97.Final]
	at io.netty.handler.codec.MessageToByteEncoder.write(MessageToByteEncoder.java:120) ~[netty-codec-4.1.97.Final.jar:4.1.97.Final]
	at io.netty.channel.AbstractChannelHandlerContext.invokeWrite0(AbstractChannelHandlerContext.java:881) ~[netty-transport-4.1.97.Final.jar:4.1.97.Final]
	at io.netty.channel.AbstractChannelHandlerContext.invokeWrite(AbstractChannelHandlerContext.java:863) ~[netty-transport-4.1.97.Final.jar:4.1.97.Final]
	at io.netty.channel.AbstractChannelHandlerContext.write(AbstractChannelHandlerContext.java:968) ~[netty-transport-4.1.97.Final.jar:4.1.97.Final]
	at io.netty.channel.AbstractChannelHandlerContext.write(AbstractChannelHandlerContext.java:856) ~[netty-transport-4.1.97.Final.jar:4.1.97.Final]
	at io.netty.channel.ChannelOutboundHandlerAdapter.write(ChannelOutboundHandlerAdapter.java:113) ~[netty-transport-4.1.97.Final.jar:4.1.97.Final]
	at net.minecraft.network.NetworkManager$2.write(NetworkManager.java:555) ~[spigot-1.21-R0.1-SNAPSHOT.jar:4226-Spigot-146439e-2889b3a]
	at io.netty.channel.AbstractChannelHandlerContext.invokeWrite0(AbstractChannelHandlerContext.java:881) ~[netty-transport-4.1.97.Final.jar:4.1.97.Final]
	at io.netty.channel.AbstractChannelHandlerContext.invokeWriteAndFlush(AbstractChannelHandlerContext.java:940) ~[netty-transport-4.1.97.Final.jar:4.1.97.Final]
	at io.netty.channel.AbstractChannelHandlerContext.write(AbstractChannelHandlerContext.java:966) ~[netty-transport-4.1.97.Final.jar:4.1.97.Final]
	at io.netty.channel.AbstractChannelHandlerContext.writeAndFlush(AbstractChannelHandlerContext.java:934) ~[netty-transport-4.1.97.Final.jar:4.1.97.Final]
	at io.netty.channel.DefaultChannelPipeline.writeAndFlush(DefaultChannelPipeline.java:1020) ~[netty-transport-4.1.97.Final.jar:4.1.97.Final]
	at io.netty.channel.AbstractChannel.writeAndFlush(AbstractChannel.java:311) ~[netty-transport-4.1.97.Final.jar:4.1.97.Final]
	at com.comphenix.protocol.injector.netty.channel.NettyChannelProxy.lambda$writeAndFlush$1(NettyChannelProxy.java:223) ~[?:?]
	at com.comphenix.protocol.injector.netty.channel.NettyChannelProxy.lambda$processPacketOutbound$2(NettyChannelProxy.java:266) ~[?:?]
	at com.comphenix.protocol.injector.netty.channel.NettyChannelProxy.processPacketOutbound(NettyChannelProxy.java:268) ~[?:?]
	at com.comphenix.protocol.injector.netty.channel.NettyChannelProxy.writeAndFlush(NettyChannelProxy.java:223) ~[?:?]
	at com.comphenix.protocol.injector.netty.channel.NettyChannelProxy.writeAndFlush(NettyChannelProxy.java:233) ~[?:?]
	at net.minecraft.network.NetworkManager.c(NetworkManager.java:374) ~[spigot-1.21-R0.1-SNAPSHOT.jar:4226-Spigot-146439e-2889b3a]
	at net.minecraft.network.NetworkManager.b(NetworkManager.java:364) ~[spigot-1.21-R0.1-SNAPSHOT.jar:4226-Spigot-146439e-2889b3a]
	at net.minecraft.network.NetworkManager.a(NetworkManager.java:342) ~[spigot-1.21-R0.1-SNAPSHOT.jar:4226-Spigot-146439e-2889b3a]
	at net.minecraft.network.NetworkManager.a(NetworkManager.java:336) ~[spigot-1.21-R0.1-SNAPSHOT.jar:4226-Spigot-146439e-2889b3a]
	at net.minecraft.network.NetworkManager.exceptionCaught(NetworkManager.java:172) ~[spigot-1.21-R0.1-SNAPSHOT.jar:4226-Spigot-146439e-2889b3a]
	at io.netty.channel.AbstractChannelHandlerContext.invokeExceptionCaught(AbstractChannelHandlerContext.java:346) ~[netty-transport-4.1.97.Final.jar:4.1.97.Final]
	at io.netty.channel.AbstractChannelHandlerContext.invokeExceptionCaught(AbstractChannelHandlerContext.java:325) ~[netty-transport-4.1.97.Final.jar:4.1.97.Final]
	at io.netty.channel.AbstractChannelHandlerContext.fireExceptionCaught(AbstractChannelHandlerContext.java:317) ~[netty-transport-4.1.97.Final.jar:4.1.97.Final]
	at io.netty.channel.DefaultChannelPipeline$HeadContext.exceptionCaught(DefaultChannelPipeline.java:1377) ~[netty-transport-4.1.97.Final.jar:4.1.97.Final]
	at io.netty.channel.AbstractChannelHandlerContext.invokeExceptionCaught(AbstractChannelHandlerContext.java:346) ~[netty-transport-4.1.97.Final.jar:4.1.97.Final]
	at io.netty.channel.AbstractChannelHandlerContext.invokeExceptionCaught(AbstractChannelHandlerContext.java:325) ~[netty-transport-4.1.97.Final.jar:4.1.97.Final]
	at io.netty.channel.DefaultChannelPipeline.fireExceptionCaught(DefaultChannelPipeline.java:907) ~[netty-transport-4.1.97.Final.jar:4.1.97.Final]
	at io.netty.channel.epoll.AbstractEpollStreamChannel$EpollStreamUnsafe.handleReadException(AbstractEpollStreamChannel.java:728) ~[netty-transport-classes-epoll-4.1.97.Final.jar:4.1.97.Final]
	at io.netty.channel.epoll.AbstractEpollStreamChannel$EpollStreamUnsafe.epollInReady(AbstractEpollStreamChannel.java:826) ~[netty-transport-classes-epoll-4.1.97.Final.jar:4.1.97.Final]
	at io.netty.channel.epoll.EpollEventLoop.processReady(EpollEventLoop.java:509) ~[netty-transport-classes-epoll-4.1.97.Final.jar:4.1.97.Final]
	at io.netty.channel.epoll.EpollEventLoop.run(EpollEventLoop.java:407) ~[netty-transport-classes-epoll-4.1.97.Final.jar:4.1.97.Final]
	at io.netty.util.concurrent.SingleThreadEventExecutor$4.run(SingleThreadEventExecutor.java:997) ~[netty-common-4.1.97.Final.jar:4.1.97.Final]
	at io.netty.util.internal.ThreadExecutorMap$2.run(ThreadExecutorMap.java:74) ~[netty-common-4.1.97.Final.jar:4.1.97.Final]
	at java.base/java.lang.Thread.run(Thread.java:1583) [?:?]
[16:33:48] [User Authenticator #8/INFO]: UUID of player Nergon123 is 4c350acc-12e5-368e-88f3-25c804a845d9
[16:33:49] [Server thread/INFO]: Nergon123[/185.161.93.117:39566] logged in with entity id 44850 at ([world]194.5, 70.0, 261.5)
[16:33:58] [Craft Scheduler Thread - 36/INFO]: [nLogin] The user Nergon123 has successfully logged in.
[16:37:32] [Server thread/INFO]: Nergon123 issued server command: /gmc
[16:37:59] [Server thread/INFO]: Nergon123 lost connection: Disconnected
